Entry	Action	User Name	Updated Date
司	Updated	Thuatsi	2014-06-30 15:45:04.622+07:00
武	Updated	Thuatsi	2014-07-01 09:20:55.923+07:00
朝	Updated	Thuatsi	2014-07-01 20:54:47.992+07:00
蓉	Updated	Thuatsi	2014-07-02 10:54:16.716+07:00
曰	Updated	Thuatsi	2014-07-04 10:11:13.011+07:00
诶	Added	Thuatsi	2014-07-04 16:36:00.420+07:00
喧	Added	Thuatsi	2014-07-04 17:53:34.919+07:00
领	Updated	Thuatsi	2014-07-06 10:20:22.817+07:00
县	Updated	Thuatsi	2014-07-13 11:08:14.587+07:00
扈	Updated	Thuatsi	2014-07-14 21:28:40.248+07:00
扈	Updated	Thuatsi	2014-07-14 21:32:21.779+07:00
聂	Updated	Thuatsi	2014-07-14 22:05:43.772+07:00
帅	Updated	Thuatsi	2014-07-14 23:12:28.465+07:00
藫	Added	Thuatsi	2014-07-16 14:42:59.474+07:00
沈	Updated	Thuatsi	2014-07-18 20:47:52.440+07:00
劲	Updated	Thuatsi	2014-07-18 20:59:29.272+07:00
乾	Updated	Thuatsi	2014-07-20 23:43:42.120+07:00
诸	Updated	Thuatsi	2014-07-21 02:12:34.333+07:00
钱	Updated	Thuatsi	2014-07-24 10:27:36.384+07:00
喆	Added	Thuatsi	2014-07-24 17:19:31.681+07:00
箭	Updated	Thuatsi	2014-07-25 13:27:17.122+07:00
少	Updated	Thuatsi	2014-07-28 16:46:12.727+07:00
吚	Added	Thuatsi	2014-07-31 22:09:59.572+07:00
顶	Updated	Thuatsi	2014-08-07 13:35:46.098+07:00
钗	Updated	Scopa	2014-08-27 13:21:46.058+07:00
贾	Updated	Scopa	2014-08-27 13:23:05.151+07:00
曰	Updated	Scopa	2014-09-05 19:51:44.445+07:00
叛	Updated	Mop	2014-10-26 20:34:58.368+07:00
将	Updated	Mop	2014-12-16 16:31:30.958+07:00
霸	Updated	Mop	2014-12-19 02:26:09.568+07:00
旳	Added	Mop	2014-12-19 19:35:28.251+07:00
延	Updated	Mop	2015-01-01 06:18:19.422+07:00
吕	Updated	Mop	2015-01-01 11:09:19.120+07:00
﹗	Added	Mop	2015-01-13 08:34:31.908+07:00
﹖	Added	Mop	2015-01-13 08:35:44.073+07:00
烫	Updated	Mop	2015-02-09 01:17:55.903+07:00
跆	Added	Mop	2015-02-10 23:39:18.100+07:00
挑	Updated	Mop	2015-02-11 04:57:00.448+07:00
沏	Added	Mop	2015-03-19 16:25:24.266+07:00
沏	Updated	Mop	2015-03-19 16:25:47.151+07:00
郝	Updated	Diffuss	2015-04-02 20:00:21.951+07:00
绮	Updated	Diffuss	2015-04-09 01:56:20.273+07:00
舎	Added	Truantee	2015-09-26 17:26:14.302+07:00
台	Updated	Truantee	2017-01-06 16:39:33.041+07:00
校	Updated	Truantee	2017-01-11 21:13:25.946+07:00
罞	Added	Truantee	2017-01-12 01:58:59.090+07:00
罞	Updated	Truantee	2017-01-12 02:01:18.898+07:00
肏	Added	Truantee	2017-01-12 02:33:06.297+07:00
司	Updated	Truantee	2017-01-15 00:13:34.746+07:00
逹	Added	Truantee	2017-01-16 16:51:47.043+07:00
顔	Added	Truantee	2017-01-30 21:31:10.583+07:00
治	Updated	Truantee	2017-02-03 12:28:39.909+07:00
胺	Added	Truantee	2017-02-07 04:28:42.122+07:00
找	Updated	Truantee	2017-02-07 23:16:30.843+07:00
荟	Updated	Truantee	2017-02-08 08:45:17.360+07:00
榴	Updated	Truantee	2017-02-13 12:45:26.368+07:00
晴	Updated	Truantee	2017-02-14 09:43:24.302+07:00
澄	Updated	Truantee	2017-02-17 10:30:24.260+07:00
凉	Added	Truantee	2017-02-19 17:19:43.607+07:00
驯	Updated	Truantee	2017-02-21 13:32:39.961+07:00
诸	Updated	Truantee	2017-02-24 20:53:20.101+07:00
涫	Updated	Truantee	2017-03-07 13:42:15.534+07:00
裸	Updated	Truantee	2017-03-08 02:54:24.112+07:00
夥	Updated	Truantee	2017-03-12 02:06:09.247+07:00
梭	Updated	Truantee	2017-03-13 18:56:00.425+07:00
梭	Updated	Truantee	2017-03-13 18:56:08.116+07:00
隶	Updated	Truantee	2017-03-21 09:37:53.384+07:00
蒋	Updated	Truantee	2017-03-21 09:50:46.209+07:00
裸	Updated	Truantee	2017-03-26 07:38:15.082+07:00
狠	Updated	Truantee	2017-03-28 01:42:46.983+07:00
懵	Updated	Truantee	2017-03-29 01:44:57.976+07:00
抬	Updated	Truantee	2017-03-29 03:03:29.862+07:00
呆	Updated	Truantee	2017-03-29 03:33:25.800+07:00
机	Updated	Truantee	2017-03-29 13:09:47.443+07:00
司	Updated	Truantee	2017-03-30 02:22:04.858+07:00
尴	Updated	Truantee	2017-04-05 13:07:39.781+07:00
哆	Updated	Truantee	2017-04-07 10:27:07.967+07:00
怼	Updated	Truantee	2017-04-07 23:23:57.542+07:00
干	Updated	Truantee	2017-04-08 00:06:31.953+07:00
领	Updated	Truantee	2017-04-08 07:31:44.070+07:00
撗	Added	Truantee	2017-04-09 23:11:00.689+07:00
樊	Updated	Truantee	2017-04-10 02:03:50.499+07:00
钣	Added	Truantee	2017-04-14 16:33:56.459+07:00
仑	Updated	Truantee	2017-04-19 01:19:48.373+07:00
广	Updated	Truantee	2017-04-21 16:20:31.773+07:00
殴	Updated	Truantee	2017-04-21 16:27:09.308+07:00
筱	Updated	Truantee	2017-04-22 13:34:52.111+07:00
衿	Updated	Truantee	2017-04-22 13:57:21.654+07:00
允	Updated	Truantee	2017-04-22 13:59:51.570+07:00
宏	Updated	Truantee	2017-04-22 23:03:19.872+07:00
采	Updated	Truantee	2017-04-23 04:54:40.634+07:00
仿	Updated	Truantee	2017-04-23 12:55:01.892+07:00
庸	Updated	Truantee	2017-04-23 17:47:05.158+07:00
镛	Updated	Truantee	2017-04-26 01:37:52.611+07:00
诸	Updated	Truantee	2017-04-28 05:24:05.587+07:00
辟	Updated	Truantee	2017-04-28 18:06:15.776+07:00
宏	Updated	Truantee	2017-05-02 06:42:38.303+07:00
诸	Updated	Truantee	2017-05-03 16:55:27.185+07:00
沁	Updated	Truantee	2017-05-05 23:43:27.566+07:00
桩	Updated	Truantee	2017-05-06 20:30:25.385+07:00
闫	Added	Truantee	2017-05-07 01:06:19.754+07:00
橙	Updated	Truantee	2017-05-09 01:36:47.478+07:00
济	Updated	Truantee	2017-05-09 02:00:19.686+07:00
燎	Updated	Truantee	2017-05-09 20:54:48.284+07:00
蛰	Updated	iipin	2017-05-24 11:47:40.526+07:00
骘	Updated	iipin	2017-05-24 13:20:27.583+07:00
満	Added	iipin	2017-05-25 19:12:14.223+07:00
褚	Updated	iipin	2017-05-26 03:06:10.962+07:00
耶	Updated	iipin	2017-05-26 11:29:31.843+07:00
探	Updated	iipin	2017-05-26 15:01:10.432+07:00
篑	Updated	iipin	2017-05-26 21:32:11.931+07:00
尹	Updated	iipin	2017-05-29 00:37:59.705+07:00
菈	Added	iipin	2017-05-30 02:10:06.562+07:00
淬	Updated	iipin	2017-06-02 14:19:33.152+07:00
采	Updated	iipin	2017-06-02 18:51:01.677+07:00
菸	Updated	iipin	2017-06-06 18:44:48.112+07:00
卜	Updated	iipin	2017-06-06 18:55:07.355+07:00
司	Updated	iipin	2017-06-08 17:36:47.778+07:00
司	Updated	iipin	2017-06-08 17:37:21.022+07:00
监	Updated	iipin	2017-06-08 17:49:27.781+07:00
媞	Added	iipin	2017-06-11 02:19:52.436+07:00
兕	Updated	iipin	2017-09-08 19:08:52.805+07:00
郎	Added	iipin	2017-09-09 08:51:04.614+07:00
比	Updated	iipin	2017-09-10 09:26:09.146+07:00
时	Updated	iipin	2017-09-12 19:55:20.712+07:00
李	Updated	iipin	2017-09-13 07:59:17.768+07:00
李	Updated	iipin	2017-09-13 12:28:48.890+07:00
嫙	Added	iipin	2017-09-15 05:59:57.240+07:00
尽	Updated	iipin	2017-09-16 23:31:13.962+07:00
厂	Updated	iipin	2017-09-17 00:21:16.312+07:00
蕊	Updated	iipin	2017-09-17 00:39:30.601+07:00
访	Updated	iipin	2017-09-17 09:17:59.723+07:00
靡	Updated	iipin	2017-09-17 13:14:11.203+07:00
婢	Updated	iipin	2017-09-18 02:19:38.582+07:00
弛	Updated	iipin	2017-09-18 13:15:37.962+07:00
诸	Updated	iipin	2017-09-19 12:12:31.005+07:00
牟	Updated	iipin	2017-09-20 16:03:26.742+07:00
赛	Updated	iipin	2017-09-22 09:41:47.900+07:00
拢	Updated	iipin	2017-09-25 10:25:09.767+07:00
纠	Updated	iipin	2017-09-29 14:01:12.154+07:00
椅	Updated	iipin	2017-10-06 10:05:11.417+07:00
尉	Updated	iipin	2017-10-06 13:48:35.501+07:00
珝	Added	iipin	2017-10-06 23:31:34.084+07:00
镖	Updated	iipin	2017-10-09 19:31:05.484+07:00
黒	Added	iipin	2017-10-11 02:07:28.870+07:00
冲	Updated	iipin	2017-10-11 12:34:20.768+07:00
钠	Updated	iipin	2017-10-13 12:57:02.175+07:00
沛	Updated	iipin	2017-10-15 22:06:44.516+07:00
比	Updated	iipin	2017-10-18 01:59:24.981+07:00
璇	Updated	iipin	2017-10-21 01:20:01.113+07:00
玑	Updated	iipin	2017-10-21 01:20:06.043+07:00
旋	Updated	iipin	2017-10-21 22:36:15.683+07:00
覇	Added	iipin	2017-10-22 18:14:23.930+07:00
偔	Added	iipin	2017-10-25 10:06:17.680+07:00
褀	Added	iipin	2017-10-25 12:02:25.690+07:00
司	Updated	iipin	2017-11-01 01:49:42.504+07:00
趴	Updated	iipin	2017-11-03 10:55:18.169+07:00
涎	Updated	iipin	2017-11-05 10:56:48.613+07:00
侩	Updated	iipin	2017-11-07 05:59:48.520+07:00
檐	Updated	iipin	2017-11-07 16:33:06.414+07:00
扒	Updated	iipin	2017-11-08 05:08:10.347+07:00
刺	Updated	iipin	2017-11-08 08:41:19.785+07:00
娉	Updated	iipin	2017-11-11 11:28:04.297+07:00
薫	Added	iipin	2017-11-11 18:16:56.456+07:00
荀	Updated	iipin	2017-11-11 20:07:21.513+07:00
遥	Updated	iipin	2017-11-12 15:32:29.507+07:00
靥	Updated	iipin	2017-11-12 17:27:18.273+07:00
圧	Added	iipin	2017-11-12 17:28:26.944+07:00
坏	Updated	iipin	2017-11-13 19:10:46.976+07:00
岙	Added	iipin	2017-11-13 21:06:54.113+07:00
迭	Updated	iipin	2017-11-14 11:11:05.834+07:00
数	Updated	iipin	2017-11-15 12:13:33.675+07:00
缀	Updated	iipin	2017-11-20 16:52:04.433+07:00
芋	Updated	iipin	2017-11-22 07:18:23.030+07:00
玫	Updated	iipin	2017-11-25 14:05:47.419+07:00
玫	Updated	iipin	2017-11-25 14:07:28.842+07:00
谯	Updated	iipin	2017-11-26 12:46:07.740+07:00
喈	Updated	iipin	2017-11-26 13:27:56.381+07:00
颍	Updated	iipin	2017-11-26 15:39:56.936+07:00
仆	Updated	iipin	2017-11-26 23:49:33.916+07:00
邳	Updated	iipin	2017-11-28 15:59:06.686+07:00
汌	Added	iipin	2017-11-28 17:03:47.599+07:00
晟	Updated	iipin	2017-11-28 19:37:12.593+07:00
邳	Updated	iipin	2017-11-28 19:39:56.284+07:00
邴	Updated	iipin	2017-11-29 14:58:46.895+07:00
艾	Updated	iipin	2017-11-29 16:45:42.078+07:00
祢	Updated	iipin	2017-11-30 23:13:44.026+07:00
祢	Updated	iipin	2017-11-30 23:27:42.801+07:00
漱	Updated	iipin	2017-12-01 19:46:13.245+07:00
榻	Updated	iipin	2017-12-02 00:40:38.286+07:00
狸	Updated	iipin	2017-12-02 22:22:47.079+07:00
冢	Updated	iipin	2017-12-04 12:52:53.881+07:00
笙	Updated	iipin	2017-12-06 04:04:26.573+07:00
犽	Added	iipin	2017-12-08 02:18:12.453+07:00
夭	Updated	iipin	2017-12-09 06:43:35.513+07:00
袛	Added	iipin	2017-12-10 03:33:42.547+07:00
哹	Added	Nipinium	2017-12-11 23:19:29.359+07:00
圈	Updated	Nipinium	2017-12-12 11:18:22.213+07:00
媗	Added	Nipinium	2017-12-13 13:38:50.377+07:00
郢	Updated	Nipinium	2017-12-16 00:46:53.040+07:00
灰	Updated	Nipinium	2017-12-16 01:58:11.285+07:00
索	Updated	Nipinium	2017-12-16 02:08:13.134+07:00
蛛	Updated	Nipinium	2017-12-16 03:46:32.860+07:00
笈	Updated	Nipinium	2017-12-16 09:13:05.429+07:00
诃	Updated	Nipinium	2017-12-16 09:41:11.979+07:00
髻	Updated	Nipinium	2017-12-16 11:52:44.799+07:00
姆	Updated	Nipinium	2017-12-16 20:15:21.303+07:00
蠡	Updated	Nipinium	2017-12-17 05:59:12.572+07:00
哕	Updated	Nipinium	2017-12-17 15:34:03.429+07:00
锯	Updated	Nipinium	2017-12-17 16:18:24.871+07:00
划	Updated	Nipinium	2017-12-17 22:00:14.945+07:00
蕾	Updated	Nipinium	2017-12-17 22:58:45.167+07:00
创	Updated	Nipinium	2017-12-18 17:53:50.461+07:00
鄱	Updated	Nipinium	2017-12-19 03:14:56.868+07:00
卢	Updated	Nipinium	2017-12-20 01:18:23.134+07:00
屯	Updated	Nipinium	2017-12-20 07:54:27.919+07:00
层	Updated	Nipinium	2017-12-22 07:00:26.253+07:00
玗	Added	Nipinium	2017-12-23 05:31:48.455+07:00
裘	Updated	Nipinium	2017-12-23 06:31:08.877+07:00
盯	Updated	Nipinium	2017-12-23 07:37:02.834+07:00
妭	Added	Nipinium	2017-12-23 15:14:27.602+07:00
鸩	Updated	Nipinium	2017-12-24 12:35:59.737+07:00
鄷	Added	Nipinium	2017-12-24 15:16:56.272+07:00
矩	Updated	Nipinium	2017-12-26 07:38:03.881+07:00
援	Updated	Nipinium	2017-12-27 13:44:43.889+07:00
锤	Updated	Nipinium	2017-12-27 15:57:18.947+07:00
熔	Updated	Nipinium	2017-12-27 18:04:10.407+07:00
碱	Updated	Nipinium	2017-12-29 14:12:47.922+07:00
怖	Updated	Nipinium	2017-12-30 23:17:59.735+07:00
乐	Updated	Nipinium	2018-01-02 16:27:26.298+07:00
辐	Updated	Nipinium	2018-01-03 02:35:58.150+07:00
降	Updated	Nipinium	2018-01-03 12:09:06.625+07:00
癍	Added	Nipinium	2018-01-03 23:55:58.378+07:00
蝰	Updated	Nipinium	2018-01-04 14:28:58.313+07:00
猜	Updated	Nipinium	2018-01-04 22:38:59.549+07:00
辟	Updated	Nipinium	2018-01-04 22:44:26.536+07:00
裸	Updated	Nipinium	2018-01-04 22:45:40.184+07:00
沁	Updated	Nipinium	2018-01-04 22:49:22.702+07:00
祢	Updated	Nipinium	2018-01-04 22:50:18.410+07:00
邳	Updated	Nipinium	2018-01-04 22:50:36.334+07:00
诶	Updated	Nipinium	2018-01-04 22:51:03.603+07:00
媞	Updated	Nipinium	2018-01-04 22:51:24.429+07:00
珝	Updated	Nipinium	2018-01-04 22:51:31.325+07:00
撗	Updated	Nipinium	2018-01-04 22:51:38.937+07:00
猜	Updated	Nipinium	2018-01-04 22:52:28.748+07:00
皎	Updated	Nipinium	2018-01-04 22:53:18.669+07:00
笨	Updated	Nipinium	2018-01-04 22:53:37.811+07:00
呛	Updated	Nipinium	2018-01-04 22:54:10.118+07:00
呛	Updated	Nipinium	2018-01-04 22:54:14.065+07:00
舐	Updated	Nipinium	2018-01-04 22:56:26.135+07:00
酩	Updated	Nipinium	2018-01-04 22:56:39.067+07:00
羁	Updated	Nipinium	2018-01-04 22:56:46.664+07:00
翟	Updated	Nipinium	2018-01-04 22:57:13.294+07:00
兔	Updated	Nipinium	2018-01-04 22:57:35.196+07:00
熠	Updated	Nipinium	2018-01-04 22:58:32.589+07:00
蜡	Updated	Nipinium	2018-01-04 22:59:20.216+07:00
肮	Updated	Nipinium	2018-01-04 22:59:47.141+07:00
霭	Updated	Nipinium	2018-01-04 23:00:12.804+07:00
洎	Updated	Nipinium	2018-01-04 23:02:08.481+07:00
睆	Updated	Nipinium	2018-01-04 23:03:05.878+07:00
郦	Updated	Nipinium	2018-01-04 23:03:33.025+07:00
泸	Updated	Nipinium	2018-01-04 23:04:01.425+07:00
滏	Updated	Nipinium	2018-01-04 23:04:16.165+07:00
翥	Updated	Nipinium	2018-01-04 23:04:51.913+07:00
翥	Updated	Nipinium	2018-01-04 23:05:15.178+07:00
场	Updated	Nipinium	2018-01-06 17:29:51.361+07:00
勺	Updated	Nipinium	2018-01-06 20:10:53.376+07:00
侄	Updated	Nipinium	2018-01-08 15:45:26.659+07:00
任	Updated	Nipinium	2018-01-10 01:35:57.455+07:00
侬	Updated	Nipinium	2018-01-10 02:09:40.528+07:00
隧	Updated	Nipinium	2018-01-10 02:18:18.879+07:00
啪	Updated	Nipinium	2018-01-10 15:22:53.728+07:00
洱	Updated	Nipinium	2018-01-11 01:30:04.289+07:00
罴	Updated	Nipinium	2018-01-11 02:03:41.217+07:00
菲	Updated	Nipinium	2018-01-11 13:31:22.731+07:00
履	Updated	Nipinium	2018-01-12 01:59:48.135+07:00
嗟	Updated	Nipinium	2018-01-14 10:03:12.522+07:00
囧	Added	Nipinium	2018-01-15 01:04:17.695+07:00
乐	Updated	Nipinium	2018-01-17 04:20:16.885+07:00
相	Updated	Nipinium	2018-01-22 04:55:10.161+07:00
椛	Added	Nipinium	2018-01-30 10:05:43.364+07:00
阋	Updated	Nipinium	2018-01-31 06:51:27.582+07:00
嬲	Updated	Nipinium	2018-02-01 08:24:25.428+07:00
硷	Updated	Nipinium	2018-02-08 14:09:02.846+07:00
谘	Updated	Nipinium	2018-02-08 14:09:26.370+07:00
茎	Updated	Nipinium	2018-02-11 08:04:14.972+07:00
鲅	Added	Nipinium	2018-02-15 16:06:23.041+07:00
晴	Updated	Nipinium	2018-04-01 20:05:33.821+07:00
睛	Updated	Nipinium	2018-04-01 20:09:03.087+07:00
办	Updated	Nipinium	2018-04-16 04:43:39.537+07:00
莿	Added	Nipinium	2018-04-21 03:47:36.040+07:00
单	Updated	Nipinium	2018-04-26 07:34:32.237+07:00
撑	Updated	Nipinium	2018-04-29 11:00:49.484+07:00
狸	Updated	Nipinium	2018-04-30 08:13:57.637+07:00
昵	Updated	Nipinium	2018-05-03 12:48:12.570+07:00
撕	Updated	Nipinium	2018-05-03 22:00:04.515+07:00
撕	Updated	Nipinium	2018-05-03 22:00:23.563+07:00
料	Updated	Nipinium	2018-05-07 23:15:37.139+07:00
羡	Updated	Nipinium	2018-08-22 02:30:12.557+07:00
錬	Added	Nipinium	2018-09-28 18:29:46.422+07:00
柘	Updated	Nipin	2018-11-06 10:14:31.373+07:00
诸	Updated	Nipin	2018-11-07 22:37:11.606+07:00
渲	Updated	Nipin	2019-01-06 05:59:07.555+07:00
姝	Updated	Nipin	2019-05-11 02:30:29.488+07:00
枭	Updated	Nipin	2019-06-05 06:08:03.402+07:00
貘	Updated	Nipin	2019-06-07 08:15:46.968+07:00
熙	Updated	Nipin	2019-06-30 02:27:21.517+07:00
嫪	Updated	Nipin	2019-07-07 08:32:24.051+07:00
袧	Added	Nipin	2019-07-19 07:56:24.492+07:00
懒	Updated	Nipin	2019-07-22 15:10:43.323+07:00
禅	Updated	Nipin	2019-07-23 00:28:04.295+07:00
长	Updated	Nipin	2019-07-28 10:22:55.487+07:00
姘	Updated	Nipin	2019-08-03 21:33:09.292+07:00
姘	Updated	Nipin	2019-08-03 21:33:22.057+07:00
琸	Added	Nipin	2019-08-09 07:23:34.690+07:00
唃	Added	Nipin	2019-08-10 00:32:50.830+07:00
痕	Updated	Nipin	2019-08-12 01:18:46.859+07:00
倭	Updated	Nipin	2019-08-12 14:29:51.581+07:00
据	Updated	Nipin	2019-08-14 15:18:35.411+07:00
茜	Updated	Nipin	2019-08-20 05:17:34.774+07:00
绊	Updated	Nipin	2019-08-20 06:18:52.257+07:00
莍	Added	Nipin	2019-08-21 10:20:31.330+07:00
葭	Updated	Nipin	2019-08-23 15:19:46.107+07:00
晌	Updated	Nipin	2019-08-24 16:01:36.783+07:00
属	Updated	Nipin	2019-08-25 00:40:18.901+07:00
锥	Updated	Nipin	2019-08-27 00:56:43.074+07:00
蔷	Updated	Nipin	2019-08-31 04:22:32.887+07:00
茜	Updated	Nipin	2019-08-31 09:13:52.685+07:00
箍	Updated	Nipin	2019-08-31 17:46:57.183+07:00
岷	Updated	Nipin	2019-12-24 22:40:18.699+07:00
鲕	Added	Nipin	2020-02-07 13:29:09.929+07:00
鲃	Added	Nipin	2020-02-07 14:27:00.766+07:00
㐷	Added	Nipin	2020-02-07 14:27:44.235+07:00
鹎	Added	Nipin	2020-02-07 14:27:56.429+07:00
㤽	Added	Nipin	2020-02-07 14:28:21.787+07:00
纟	Added	Nipin	2020-02-07 14:28:45.869+07:00
坒	Added	Nipin	2020-02-07 14:29:15.032+07:00
庝	Added	Nipin	2020-01-15 03:19:34.346+07:00
轧	Updated	Nipin	2020-01-25 02:38:45.376+07:00
龖	Added	Nipin	2020-02-11 18:48:24.775+07:00
烃	Updated	Nipin	2020-02-15 00:35:14.505+07:00
